/*C591*/SET SCHEMA PUBLIC
DISCONNECT
/*C593*/SET SCHEMA PUBLIC
DISCONNECT
/*C592*/SET SCHEMA PUBLIC
DISCONNECT
/*C590*/SET SCHEMA PUBLIC
DISCONNECT
/*C594*/SET SCHEMA PUBLIC
DISCONNECT
/*C595*/SET SCHEMA PUBLIC
DISCONNECT
/*C596*/SET SCHEMA PUBLIC
DISCONNECT
/*C597*/SET SCHEMA PUBLIC
DISCONNECT
/*C599*/SET SCHEMA PUBLIC
DISCONNECT
/*C598*/SET SCHEMA PUBLIC
DISCONNECT
/*C601*/SET SCHEMA PUBLIC
DISCONNECT
/*C600*/SET SCHEMA PUBLIC
DISCONNECT
/*C602*/SET SCHEMA PUBLIC
DISCONNECT
/*C603*/SET SCHEMA PUBLIC
DISCONNECT
/*C604*/SET SCHEMA PUBLIC
DISCONNECT
/*C605*/SET SCHEMA PUBLIC
DISCONNECT
/*C606*/SET SCHEMA PUBLIC
DISCONNECT
/*C610*/SET SCHEMA PUBLIC
DISCONNECT
/*C607*/SET SCHEMA PUBLIC
DISCONNECT
/*C609*/SET SCHEMA PUBLIC
DISCONNECT
/*C608*/SET SCHEMA PUBLIC
DISCONNECT
/*C611*/SET SCHEMA PUBLIC
DISCONNECT
/*C612*/SET SCHEMA PUBLIC
DISCONNECT
/*C613*/SET SCHEMA PUBLIC
DISCONNECT
/*C614*/SET SCHEMA PUBLIC
DISCONNECT
/*C615*/SET SCHEMA PUBLIC
DISCONNECT
/*C616*/SET SCHEMA PUBLIC
DISCONNECT
/*C617*/SET SCHEMA PUBLIC
DISCONNECT
/*C618*/SET SCHEMA PUBLIC
DISCONNECT
/*C622*/SET SCHEMA PUBLIC
DISCONNECT
/*C620*/SET SCHEMA PUBLIC
DISCONNECT
/*C619*/SET SCHEMA PUBLIC
DISCONNECT
/*C621*/SET SCHEMA PUBLIC
DISCONNECT
/*C623*/SET SCHEMA PUBLIC
INSERT INTO LIFERUDDER2_MESSAGE VALUES(19,'xftest1','xftest1','xftest1','20111226')
COMMIT
/*C624*/SET SCHEMA PUBLIC
DELETE FROM LIFERUDDER2_MESSAGE WHERE ID=19
INSERT INTO LIFERUDDER2_MESSAGE VALUES(19,'xftest1','xftest2','xftest3','20111227')
COMMIT
/*C626*/SET SCHEMA PUBLIC
DISCONNECT
/*C625*/SET SCHEMA PUBLIC
DISCONNECT
/*C624*/DELETE FROM LIFERUDDER2_MESSAGE WHERE ID=19
COMMIT
/*C623*/DISCONNECT
/*C624*/DISCONNECT
/*C627*/SET SCHEMA PUBLIC
DISCONNECT
/*C628*/SET SCHEMA PUBLIC
DISCONNECT
/*C629*/SET SCHEMA PUBLIC
DISCONNECT
/*C633*/SET SCHEMA PUBLIC
DISCONNECT
/*C630*/SET SCHEMA PUBLIC
DISCONNECT
/*C632*/SET SCHEMA PUBLIC
DISCONNECT
/*C631*/SET SCHEMA PUBLIC
DISCONNECT
/*C636*/SET SCHEMA PUBLIC
INSERT INTO LIFERUDDER2_MESSAGE VALUES(19,'test','','','20111226')
COMMIT
/*C637*/SET SCHEMA PUBLIC
DELETE FROM LIFERUDDER2_MESSAGE WHERE ID=17
INSERT INTO LIFERUDDER2_MESSAGE VALUES(17,'test','1','2','20111227')
COMMIT
/*C636*/DELETE FROM LIFERUDDER2_MESSAGE WHERE ID=17
COMMIT
/*C634*/SET SCHEMA PUBLIC
DISCONNECT
/*C635*/SET SCHEMA PUBLIC
DISCONNECT
/*C636*/DISCONNECT
/*C637*/DISCONNECT
/*C638*/SET SCHEMA PUBLIC
DISCONNECT
/*C639*/SET SCHEMA PUBLIC
DISCONNECT
/*C640*/SET SCHEMA PUBLIC
DISCONNECT
/*C641*/SET SCHEMA PUBLIC
DISCONNECT
/*C642*/SET SCHEMA PUBLIC
DISCONNECT
